[1222/155120.330:ERROR:directory_reader_win.cc(43)] FindFirstFile: The system cannot find the path specified. (0x3)
[1223/154005.249:ERROR:directory_reader_win.cc(43)] FindFirstFile: The system cannot find the path specified. (0x3)
[1224/125018.319:ERROR:directory_reader_win.cc(43)] FindFirstFile: The system cannot find the path specified. (0x3)
[1225/125018.499:ERROR:directory_reader_win.cc(43)] FindFirstFile: The system cannot find the path specified. (0x3)
[1226/125018.754:ERROR:directory_reader_win.cc(43)] FindFirstFile: The system cannot find the path specified. (0x3)
[1226/171918.226:ERROR:process_memory_win.cc(73)] ReadMemory at 0x6163d988 of 12 bytes failed: Only part of a ReadProcessMemory or WriteProcessMemory request was completed. (0x12B)
[1226/171918.332:WARNING:process_snapshot_win.cc(71)] ReadMemory ExceptionInformation failed
[1226/171918.333:ERROR:scoped_process_suspend.cc(40)] NtResumeProcess: An attempt was made to access an exiting process. (0xc000010a)
[1226/172220.548:ERROR:process_reader_win.cc(188)] ResumeThread: The parameter is incorrect. (0x57)
[1226/172220.548:ERROR:process_reader_win.cc(151)] SuspendThread: Access is denied. (0x5)
[1226/172220.549:ERROR:process_reader_win.cc(151)] SuspendThread: Access is denied. (0x5)
[1226/172220.549:ERROR:process_reader_win.cc(151)] SuspendThread: Access is denied. (0x5)
[1226/172220.549:ERROR:process_reader_win.cc(151)] SuspendThread: Access is denied. (0x5)
[1226/172220.549:ERROR:process_reader_win.cc(151)] SuspendThread: Access is denied. (0x5)
[1226/172220.549:ERROR:process_reader_win.cc(151)] SuspendThread: Access is denied. (0x5)
[1226/172220.549:ERROR:process_reader_win.cc(151)] SuspendThread: Access is denied. (0x5)
[1226/172220.549:ERROR:process_reader_win.cc(151)] SuspendThread: Access is denied. (0x5)
[1226/172220.549:ERROR:process_reader_win.cc(151)] SuspendThread: Access is denied. (0x5)
[1226/172220.549:ERROR:process_reader_win.cc(151)] SuspendThread: Access is denied. (0x5)
[1226/172220.549:ERROR:process_reader_win.cc(151)] SuspendThread: Access is denied. (0x5)
[1226/172220.549:ERROR:process_reader_win.cc(151)] SuspendThread: Access is denied. (0x5)
[1226/172220.550:ERROR:process_reader_win.cc(151)] SuspendThread: Access is denied. (0x5)
[1226/172220.550:ERROR:exception_snapshot_win.cc(99)] thread ID 9520 not found in process
[1227/123828.873:ERROR:directory_reader_win.cc(43)] FindFirstFile: The system cannot find the path specified. (0x3)
[1227/174755.517:ERROR:directory_reader_win.cc(43)] FindFirstFile: The system cannot find the path specified. (0x3)
